<?xml version="1.0" encoding="UTF-8"?>
<testsuite xmlns:xsi="http://www.w3.org/2001/XMLSchema-instance" xsi:noNamespaceSchemaLocation="https://maven.apache.org/surefire/maven-surefire-plugin/xsd/surefire-test-report-3.0.xsd" version="3.0" name="com.udacity.security.service.SecurityServiceTest" time="2.104" tests="22" errors="0" skipped="0" failures="0">
  <properties>
[...]
</properties>
  <testcase name="changeAlarmState_ifCatFoundWhileSystemIsArmed_changeStatusToAlarm" classname="com.udacity.security.service.SecurityServiceTest" time="1.704"/>
  <testcase name="changeAlarmStatus_ifAlarmAndSensorActivate_setAlarmStatusPending" classname="com.udacity.security.service.SecurityServiceTest" time="0.013"/>
  <testcase name="changeSensorState_ifSystemArmed_setToInactive(ArmingStatus)[1]" classname="com.udacity.security.service.SecurityServiceTest" time="0.06"/>
  <testcase name="changeSensorState_ifSystemArmed_setToInactive(ArmingStatus)[2]" classname="com.udacity.security.service.SecurityServiceTest" time="0.015"/>
  <testcase name="changeAlarmStatus_ifSystemDisarm_setStatusNoAlarm" classname="com.udacity.security.service.SecurityServiceTest" time="0.006"/>
  <testcase name="changeAlarmStatus_CatNotFound_changeStatusToNoAlarm" classname="com.udacity.security.service.SecurityServiceTest" time="0.009"/>
  <testcase name="addAndRemoveSensor" classname="com.udacity.security.service.SecurityServiceTest" time="0.005"/>
  <testcase name="changeAlarmStatus_ifAlarmAndSensorActivateAndPendingAlarm_setAlarmStatusAlarmed" classname="com.udacity.security.service.SecurityServiceTest" time="0.005"/>
  <testcase name="addAndRemoveStatusListener" classname="com.udacity.security.service.SecurityServiceTest" time="0.004"/>
  <testcase name="changeAlarmStatus_ifSystemDisarmAndAlarmOn_setStatusToPending" classname="com.udacity.security.service.SecurityServiceTest" time="0.008"/>
  <testcase name="ifAlarmPendingAndSensorsInactive_returnNoAlarmState" classname="com.udacity.security.service.SecurityServiceTest" time="0.008"/>
  <testcase name="changeSensorState_ifSystemDisarmAndSensorOn_armingStateSame(AlarmStatus)[1]" classname="com.udacity.security.service.SecurityServiceTest" time="0.006"/>
  <testcase name="changeSensorState_ifSystemDisarmAndSensorOn_armingStateSame(AlarmStatus)[2]" classname="com.udacity.security.service.SecurityServiceTest" time="0.009"/>
  <testcase name="ifAlarmActiveAndChangeSensor_AlarmStateNotAffected(boolean)[1]" classname="com.udacity.security.service.SecurityServiceTest" time="0.01"/>
  <testcase name="ifAlarmActiveAndChangeSensor_AlarmStateNotAffected(boolean)[2]" classname="com.udacity.security.service.SecurityServiceTest" time="0.006"/>
  <testcase name="checkSensorState_ifSensorDeactivatedWhileInactive_AlarmStateNoChange(AlarmStatus)[1]" classname="com.udacity.security.service.SecurityServiceTest" time="0.006"/>
  <testcase name="checkSensorState_ifSensorDeactivatedWhileInactive_AlarmStateNoChange(AlarmStatus)[2]" classname="com.udacity.security.service.SecurityServiceTest" time="0.004"/>
  <testcase name="checkSensorState_ifSensorDeactivatedWhileInactive_AlarmStateNoChange(AlarmStatus)[3]" classname="com.udacity.security.service.SecurityServiceTest" time="0.006"/>
  <testcase name="changeArmingStatus(ArmingStatus)[1]" classname="com.udacity.security.service.SecurityServiceTest" time="0.003"/>
  <testcase name="changeArmingStatus(ArmingStatus)[2]" classname="com.udacity.security.service.SecurityServiceTest" time="0.004"/>
  <testcase name="changeAlarmState_ifSensorActivateWhenActiveAndSystemPending_setToAlarmState" classname="com.udacity.security.service.SecurityServiceTest" time="0.009"/>
  <testcase name="changeAlarmStatus_ifSystemArmedWhileCatFound_setStatusToAlarm" classname="com.udacity.security.service.SecurityServiceTest" time="0.007"/>
</testsuite>